<?xml version="1.0" encoding="UTF-8"?>
<testng-results skipped="0" failed="0" total="0" passed="0">
  <reporter-output>
  </reporter-output>
  <suite name="com.jayachandran.maven.quickstart.AppTest" duration-ms="2" started-at="2016-12-27T07:24:01Z" finished-at="2016-12-27T07:24:01Z">
    <groups>
    </groups>
    <test name="Command line test" duration-ms="2" started-at="2016-12-27T07:24:01Z" finished-at="2016-12-27T07:24:01Z">
    </test> <!-- Command line test -->
  </suite> <!-- com.jayachandran.maven.quickstart.AppTest -->
</testng-results>
