<?xml version="1.0" encoding="UTF-8"?>
<testng-results skipped="0" failed="0" total="1" passed="1">
  <reporter-output>
  </reporter-output>
  <suite name="Default suite" duration-ms="23767" started-at="2016-12-29T05:42:58Z" finished-at="2016-12-29T05:43:22Z">
    <groups>
    </groups>
    <test name="Default test" duration-ms="23767" started-at="2016-12-29T05:42:58Z" finished-at="2016-12-29T05:43:22Z">
      <class name="com.jayachandran.maven.quickstart.ExampleInstrumentedTest">
        <test-method status="PASS" signature="Capabilities()[pri:0, instance:com.jayachandran.maven.quickstart.ExampleInstrumentedTest@464bee09]" name="Capabilities" is-config="true" duration-ms="16744" started-at="2016-12-29T11:12:58Z" finished-at="2016-12-29T11:13:15Z">
          <reporter-output>
          </reporter-output>
        </test-method> <!-- Capabilities -->
        <test-method status="PASS" signature="dateLengthValidation()[pri:0, instance:com.jayachandran.maven.quickstart.ExampleInstrumentedTest@464bee09]" name="dateLengthValidation" duration-ms="6019" started-at="2016-12-29T11:13:15Z" finished-at="2016-12-29T11:13:21Z">
          <reporter-output>
          </reporter-output>
        </test-method> <!-- dateLengthValidation -->
        <test-method status="PASS" signature="driverQuit()[pri:0, instance:com.jayachandran.maven.quickstart.ExampleInstrumentedTest@464bee09]" name="driverQuit" is-config="true" duration-ms="995" started-at="2016-12-29T11:13:21Z" finished-at="2016-12-29T11:13:22Z">
          <reporter-output>
          </reporter-output>
        </test-method> <!-- driverQuit -->
      </class> <!-- com.jayachandran.maven.quickstart.ExampleInstrumentedTest -->
    </test> <!-- Default test -->
  </suite> <!-- Default suite -->
</testng-results>
